\BOOKMARK [1][]{section*.1}{\376\377\000P\000e\000r\000s\000o\000n\000a\000l\000\040\000I\000n\000f\000o\000r\000m\000a\000t\000i\000o\000n}{}% 1
\BOOKMARK [2][]{section*.2}{\376\377\000P\000r\000i\000m\000a\000r\000y\000\040\000A\000p\000p\000o\000i\000n\000t\000m\000e\000n\000t}{section*.1}% 2
\BOOKMARK [2][]{section*.3}{\376\377\000J\000o\000i\000n\000t\000\040\000A\000p\000p\000o\000i\000n\000t\000m\000e\000n\000t\000s}{section*.1}% 3
\BOOKMARK [2][]{section*.4}{\376\377\000I\000n\000s\000t\000i\000t\000u\000t\000i\000o\000n\000a\000l\000\040\000a\000n\000d\000\040\000C\000e\000n\000t\000e\000r\000\040\000A\000p\000p\000o\000i\000n\000t\000m\000e\000n\000t\000s}{section*.1}% 4
\BOOKMARK [2][]{section*.5}{\376\377\000E\000d\000u\000c\000a\000t\000i\000o\000n\000\040\000\046\000\040\000T\000r\000a\000i\000n\000i\000n\000g}{section*.1}% 5
\BOOKMARK [2][]{section*.6}{\376\377\000A\000c\000a\000d\000e\000m\000i\000c\000\040\000E\000x\000p\000e\000r\000i\000e\000n\000c\000e}{section*.1}% 6
\BOOKMARK [1][]{section*.7}{\376\377\000P\000u\000b\000l\000i\000s\000h\000e\000d\000\040\000P\000e\000e\000r\000-\000R\000e\000v\000i\000e\000w\000e\000d\000\040\000R\000e\000s\000e\000a\000r\000c\000h\000\040\000A\000r\000t\000i\000c\000l\000e\000s}{}% 7
\BOOKMARK [1][]{section*.8}{\376\377\000M\000a\000n\000u\000s\000c\000r\000i\000p\000t\000s\000\040\000N\000o\000t\000\040\000Y\000e\000t\000\040\000A\000c\000c\000e\000p\000t\000e\000d}{}% 8
\BOOKMARK [1][]{section*.9}{\376\377\000C\000o\000n\000f\000e\000r\000e\000n\000c\000e\000\040\000P\000a\000p\000e\000r\000s}{}% 9
\BOOKMARK [1][]{section*.10}{\376\377\000B\000o\000o\000k\000\040\000C\000h\000a\000p\000t\000e\000r\000s}{}% 10
\BOOKMARK [1][]{section*.11}{\376\377\000T\000e\000c\000h\000n\000i\000c\000a\000l\000\040\000R\000e\000p\000o\000r\000t\000s}{}% 11
\BOOKMARK [1][]{section*.12}{\376\377\000O\000t\000h\000e\000r\000\040\000P\000u\000b\000l\000i\000c\000a\000t\000i\000o\000n\000s}{}% 12
\BOOKMARK [1][]{section*.13}{\376\377\000F\000u\000n\000d\000i\000n\000g}{}% 13
\BOOKMARK [2][]{section*.14}{\376\377\000E\000x\000t\000e\000r\000n\000a\000l\000\040\000R\000e\000s\000e\000a\000r\000c\000h\000\040\000S\000u\000p\000p\000o\000r\000t\000:\000\040\000C\000u\000r\000r\000e\000n\000t}{section*.13}% 14
\BOOKMARK [2][]{section*.15}{\376\377\000E\000x\000t\000e\000r\000n\000a\000l\000\040\000R\000e\000s\000e\000a\000r\000c\000h\000\040\000S\000u\000p\000p\000o\000r\000t\000:\000\040\000C\000o\000m\000p\000l\000e\000t\000e\000d}{section*.13}% 15
\BOOKMARK [1][]{section*.16}{\376\377\000I\000n\000v\000i\000t\000e\000d\000\040\000T\000a\000l\000k\000s}{}% 16
\BOOKMARK [1][]{section*.17}{\376\377\000O\000t\000h\000e\000r\000\040\000T\000a\000l\000k\000s}{}% 17
\BOOKMARK [1][]{section*.18}{\376\377\000A\000b\000s\000t\000r\000a\000c\000t\000s\000/\000P\000o\000s\000t\000e\000r\000\040\000P\000r\000e\000s\000e\000n\000t\000a\000t\000i\000o\000n\000s}{}% 18
\BOOKMARK [1][]{section*.19}{\376\377\000E\000d\000u\000c\000a\000t\000i\000o\000n\000a\000l\000\040\000A\000c\000t\000i\000v\000i\000t\000i\000e\000s}{}% 19
\BOOKMARK [2][]{section*.20}{\376\377\000T\000e\000a\000c\000h\000i\000n\000g\000\040\000E\000x\000p\000e\000r\000i\000e\000n\000c\000e\000\040\000-\000\040\000O\000n\000g\000o\000i\000n\000g\000\040\000C\000o\000u\000r\000s\000e\000s}{section*.19}% 20
\BOOKMARK [2][]{section*.21}{\376\377\000T\000e\000a\000c\000h\000i\000n\000g\000\040\000E\000x\000p\000e\000r\000i\000e\000n\000c\000e\000\040\000-\000\040\000O\000n\000e\000-\000T\000i\000m\000e}{section*.19}% 21
\BOOKMARK [1][]{section*.23}{\376\377\000M\000e\000n\000t\000o\000r\000s\000h\000i\000p}{}% 22
\BOOKMARK [2][]{section*.24}{\376\377\000R\000e\000s\000e\000a\000r\000c\000h\000\040\000T\000r\000a\000c\000k\000\040\000F\000a\000c\000u\000l\000t\000y\000\040\000M\000e\000n\000t\000o\000r\000s\000h\000i\000p}{section*.23}% 23
\BOOKMARK [2][]{section*.25}{\376\377\000S\000t\000a\000f\000f\000\040\000R\000e\000s\000e\000a\000r\000c\000h\000\040\000S\000c\000i\000e\000n\000t\000i\000s\000t\000s}{section*.23}% 24
\BOOKMARK [2][]{section*.26}{\376\377\000P\000o\000s\000t\000d\000o\000c\000t\000o\000r\000a\000l\000\040\000F\000e\000l\000l\000o\000w\000s}{section*.23}% 25
\BOOKMARK [2][]{section*.27}{\376\377\000P\000h\000.\000D\000.\000\040\000S\000t\000u\000d\000e\000n\000t\000s}{section*.23}% 26
\BOOKMARK [2][]{section*.28}{\376\377\000V\000i\000s\000i\000t\000i\000n\000g\000\040\000D\000o\000c\000t\000o\000r\000a\000l\000\040\000S\000t\000u\000d\000e\000n\000t}{section*.23}% 27
\BOOKMARK [2][]{section*.29}{\376\377\000M\000.\000S\000.\000\040\000S\000t\000u\000d\000e\000n\000t\000s}{section*.23}% 28
\BOOKMARK [2][]{section*.30}{\376\377\000U\000n\000d\000e\000r\000g\000r\000a\000d\000u\000a\000t\000e\000\040\000S\000t\000u\000d\000e\000n\000t\000s}{section*.23}% 29
\BOOKMARK [2][]{section*.31}{\376\377\000H\000i\000g\000h\000s\000c\000h\000o\000o\000l\000\040\000S\000t\000u\000d\000e\000n\000t}{section*.23}% 30
\BOOKMARK [2][]{section*.32}{\376\377\000T\000h\000e\000s\000i\000s\000\040\000C\000o\000m\000m\000i\000t\000t\000e\000e\000\040\000S\000e\000r\000v\000i\000c\000e\000\040\000\050\000B\000M\000E\000\040\000u\000n\000l\000e\000s\000s\000\040\000n\000o\000t\000e\000d\000\040\000o\000t\000h\000e\000r\000w\000i\000s\000e\000\051}{section*.23}% 31
\BOOKMARK [1][]{section*.33}{\376\377\000S\000e\000r\000v\000i\000c\000e}{}% 32
\BOOKMARK [2][]{section*.34}{\376\377\000G\000r\000a\000n\000t\000\040\000R\000e\000v\000i\000e\000w\000\040\000S\000e\000r\000v\000i\000c\000e}{section*.33}% 33
\BOOKMARK [2][]{section*.35}{\376\377\000U\000n\000i\000v\000e\000r\000s\000i\000t\000y\000\040\000S\000e\000r\000v\000i\000c\000e}{section*.33}% 34
\BOOKMARK [2][]{section*.36}{\376\377\000D\000e\000p\000a\000r\000t\000m\000e\000n\000t\000\040\000S\000e\000r\000v\000i\000c\000e}{section*.33}% 35
\BOOKMARK [2][]{section*.37}{\376\377\000S\000e\000r\000v\000i\000c\000e\000\040\000i\000n\000\040\000S\000c\000i\000e\000n\000t\000i\000f\000i\000c\000\040\000C\000o\000m\000m\000u\000n\000i\000t\000y}{section*.33}% 36
\BOOKMARK [2][]{section*.38}{\376\377\000J\000o\000u\000r\000n\000a\000l\000\040\000S\000e\000r\000v\000i\000c\000e}{section*.33}% 37
\BOOKMARK [2][]{section*.41}{\376\377\000C\000o\000n\000f\000e\000r\000e\000n\000c\000e\000s\000\040\000a\000n\000d\000\040\000H\000a\000c\000k\000a\000t\000h\000o\000n\000\040\000O\000r\000g\000a\000n\000i\000z\000e\000r}{section*.33}% 38
\BOOKMARK [1][]{section*.42}{\376\377\000A\000w\000a\000r\000d\000s\000\040\000a\000n\000d\000\040\000R\000e\000c\000o\000g\000n\000i\000t\000i\000o\000n}{}% 39
\BOOKMARK [2][]{section*.43}{\376\377\000I\000n\000d\000i\000v\000i\000d\000u\000a\000l}{section*.42}% 40
\BOOKMARK [2][]{section*.44}{\376\377\000S\000h\000a\000r\000e\000d\000\040\000\050\0001\0000\000\051}{section*.42}% 41
\BOOKMARK [1][]{section*.45}{\376\377\000O\000t\000h\000e\000r\000\040\000M\000e\000d\000i\000a}{}% 42
\BOOKMARK [1][]{section*.46}{\376\377\000P\000r\000o\000f\000e\000s\000s\000i\000o\000n\000a\000l\000/\000S\000o\000c\000i\000a\000l\000\040\000M\000e\000d\000i\000a\000\040\000P\000r\000e\000s\000e\000n\000c\000e}{}% 43
\BOOKMARK [1][]{section*.47}{\376\377\000T\000r\000a\000n\000s\000l\000a\000t\000i\000o\000n\000\040\000/\000\040\000T\000e\000c\000h\000n\000o\000l\000o\000g\000y\000\040\000T\000r\000a\000n\000s\000f\000e\000r\000\040\000A\000c\000t\000i\000v\000i\000t\000i\000e\000s}{}% 44
\BOOKMARK [2][]{section*.48}{\376\377\000O\000p\000e\000n\000\040\000D\000a\000t\000a\000s\000e\000t\000s}{section*.47}% 45
\BOOKMARK [2][]{section*.49}{\376\377\000O\000p\000e\000n\000-\000S\000o\000u\000r\000c\000e\000\040\000S\000o\000f\000t\000w\000a\000r\000e\000:\000\040\000A\000c\000t\000i\000v\000e}{section*.47}% 46
\BOOKMARK [2][]{section*.50}{\376\377\000O\000p\000e\000n\000-\000s\000o\000u\000r\000c\000e\000\040\000S\000o\000f\000t\000w\000a\000r\000e\000:\000\040\000C\000o\000n\000t\000r\000i\000b\000u\000t\000e\000d}{section*.47}% 47
\BOOKMARK [2][]{section*.51}{\376\377\000O\000p\000e\000n\000-\000s\000o\000u\000r\000c\000e\000\040\000S\000o\000f\000t\000w\000a\000r\000e\000:\000\040\000A\000r\000c\000h\000i\000v\000e\000d}{section*.47}% 48
\BOOKMARK [2][]{section*.52}{\376\377\000C\000o\000n\000s\000u\000l\000t\000a\000n\000c\000y}{section*.47}% 49
\BOOKMARK [2][]{section*.53}{\376\377\000A\000d\000v\000i\000s\000o\000r\000y\000\040\000B\000o\000a\000r\000d\000\040\000A\000p\000p\000o\000i\000n\000t\000m\000e\000n\000t\000s}{section*.47}% 50
\BOOKMARK [2][]{section*.54}{\376\377\000S\000t\000a\000r\000t\000u\000p\000s}{section*.47}% 51
